import time: self [us] | cumulative | imported package
import time:       423 |        423 |   _io
import time:        26 |         26 |   marshal
import time:       146 |        146 |   posix
import time:       700 |       1294 | _frozen_importlib_external
import time:       416 |        416 |   time
import time:       136 |        552 | zipimport
import time:        28 |         28 |     _codecs
import time:       355 |        382 |   codecs
import time:       440 |        440 |   encodings.aliases
import time:      1206 |       2027 | encodings
import time:       207 |        207 | encodings.utf_8
import time:        42 |         42 | _signal
import time:        15 |         15 |     _abc
import time:        91 |        106 |   abc
import time:        90 |        196 | io
import time:        51 |         51 |       _stat
import time:       137 |        188 |     stat
import time:       483 |        483 |     _collections_abc
import time:        36 |         36 |       genericpath
import time:        82 |        118 |     posixpath
import time:       315 |       1103 |   os
import time:        56 |         56 |   _sitebuiltins
import time:       237 |        237 |   encodings.utf_8_sig
import time:       948 |        948 |   _distutils_hack
import time:      1152 |       1152 |   types
import time:       234 |        234 |     importlib
import time:       255 |        255 |     importlib._abc
import time:        95 |        582 |   importlib.util
import time:        27 |         27 |   importlib.machinery
import time:        90 |         90 |   sitecustomize
import time:      1712 |       5903 | site
import time:       260 |        260 |         django.utils
import time:      1914 |       1914 |           _datetime
import time:       227 |       2141 |         datetime
import time:       151 |        151 |             itertools
import time:       398 |        398 |             keyword
import time:        52 |         52 |               _operator
import time:       602 |        654 |             operator
import time:       621 |        621 |             reprlib
import time:       292 |        292 |             _collections
import time:      3189 |       5303 |           collections
import time:        47 |         47 |           _functools
import time:      1150 |       6499 |         functools
import time:        46 |         46 |           errno
import time:      1056 |       1056 |               enum
import time:        37 |         37 |                 _sre
import time:       284 |        284 |                   re._constants
import time:       352 |        635 |                 re._parser
import time:       326 |        326 |                 re._casefix
import time:       376 |       1373 |               re._compiler
import time:       313 |        313 |               copyreg
import time:       534 |       3275 |             re
import time:        39 |         39 |             _locale
import time:       712 |       4026 |           locale
import time:       373 |        373 |           signal
import time:       301 |        301 |             warnings
import time:       323 |        323 |             _weakrefset
import time:       710 |       1332 |           threading
import time:       484 |        484 |           contextlib
import time:       489 |        489 |           fcntl
import time:        41 |         41 |           msvcrt
import time:       569 |        569 |           _posixsubprocess
import time:       626 |        626 |           select
import time:       221 |        221 |             collections.abc
import time:       495 |        495 |             math
import time:       540 |       1256 |           selectors
import time:      1392 |      10629 |         subprocess
import time:       601 |        601 |               weakref
import time:       293 |        894 |             copy
import time:       378 |       1271 |           django.utils.functional
import time:       245 |       1516 |         django.utils.regex_helper
import time:       436 |      21477 |       django.utils.version
import time:       231 |      21708 |     django
import time:       313 |      22021 |   django.core
import time:        34 |         34 |       _typing
import time:      1495 |       1529 |     typing
import time:       396 |       1924 |   pkgutil
import time:       696 |        696 |     gettext
import time:      1161 |       1857 |   argparse
import time:       603 |        603 |       _heapq
import time:       574 |       1177 |     heapq
import time:       609 |       1785 |   difflib
import time:       707 |        707 |           _ast
import time:       846 |       1553 |         ast
import time:       355 |        355 |             _opcode
import time:       307 |        307 |             _opcode_metadata
import time:       270 |        931 |           opcode
import time:       680 |       1611 |         dis
import time:       251 |        251 |         linecache
import time:       225 |        225 |           token
import time:        20 |         20 |           _tokenize
import time:       713 |        957 |         tokenize
import time:      1243 |       5612 |       inspect
import time:       167 |        167 |           django.utils.itercompat
import time:       218 |        384 |         django.utils.hashable
import time:       372 |        756 |       django.core.exceptions
import time:       932 |        932 |       django.utils.module_loading
import time:       216 |        216 |           asgiref
import time:       231 |        231 |                 concurrent
import time:       619 |        619 |                       textwrap
import time:       261 |        261 |                       _colorize
import time:       613 |       1492 |                     traceback
import time:        16 |         16 |                       _string
import time:       406 |        422 |                     string
import time:        19 |         19 |                     atexit
import time:      1202 |       3133 |                   logging
import time:       460 |       3593 |                 concurrent.futures._base
import time:       716 |       4538 |               concurrent.futures
import time:       638 |        638 |                 _socket
import time:       396 |        396 |                 array
import time:       767 |       1800 |               socket
import time:      2208 |       2208 |                 _ssl
import time:       480 |        480 |                     _struct
import time:       186 |        665 |                   struct
import time:       444 |        444 |                   binascii
import time:       344 |       1453 |                 base64
import time:      1531 |       5191 |               ssl
import time:       162 |        162 |               asyncio.constants
import time:       310 |        310 |               asyncio.coroutines
import time:      1239 |       1239 |                   _contextvars
import time:       127 |       1365 |                 contextvars
import time:       537 |        537 |                 asyncio.format_helpers
import time:       725 |        725 |                   asyncio.base_futures
import time:       654 |        654 |                   asyncio.exceptions
import time:       285 |        285 |                   asyncio.base_tasks
import time:      1682 |       3344 |                 _asyncio
import time:       755 |       6000 |               asyncio.events
import time:       711 |        711 |               asyncio.futures
import time:       580 |        580 |               asyncio.protocols
import time:      4639 |       4639 |                 asyncio.transports
import time:       246 |        246 |                 asyncio.log
import time:      1241 |       6125 |               asyncio.sslproto
import time:       503 |        503 |                   asyncio.mixins
import time:       758 |       1261 |                 asyncio.locks
import time:       681 |        681 |                   asyncio.queues
import time:      1417 |       1417 |                   asyncio.timeouts
import time:       795 |       2892 |                 asyncio.tasks
import time:       483 |       4635 |               asyncio.staggered
import time:       961 |        961 |               asyncio.trsock
import time:      1019 |      32028 |             asyncio.base_events
import time:       759 |        759 |             asyncio.runners
import time:       694 |        694 |             asyncio.streams
import time:       408 |        408 |             asyncio.subprocess
import time:       371 |        371 |             asyncio.taskgroups
import time:       631 |        631 |             asyncio.threads
import time:       509 |        509 |               asyncio.base_subprocess
import time:      1424 |       1424 |               asyncio.selector_events
import time:      1223 |       3155 |             asyncio.unix_events
import time:       399 |      38442 |           asyncio
import time:      1215 |       1215 |               _queue
import time:       538 |       1753 |             queue
import time:       469 |       2222 |           concurrent.futures.thread
import time:       374 |        374 |           asgiref.current_thread_executor
import time:       265 |        265 |           asgiref.local
import time:      1033 |      42549 |         asgiref.sync
import time:       402 |      42950 |       django.utils.deprecation
import time:       325 |      50574 |     django.apps.config
import time:      1770 |       1770 |     django.apps.registry
import time:       283 |      52626 |   django.apps
import time:       409 |        409 |           fnmatch
import time:       830 |       1238 |         glob
import time:       951 |       2189 |       pathlib._abc
import time:        76 |         76 |           _winapi
import time:        79 |         79 |           nt
import time:        49 |         49 |           nt
import time:        39 |         39 |           nt
import time:        34 |         34 |           nt
import time:        59 |         59 |           nt
import time:        50 |         50 |           nt
import time:        33 |         33 |           nt
import time:       707 |       1121 |         ntpath
import time:        34 |         34 |         pwd
import time:     37322 |      37322 |         grp
import time:      1034 |      39510 |       pathlib._local
import time:      2080 |      43778 |     pathlib
import time:      2452 |       2452 |     django.conf.global_settings
import time:       919 |      47148 |   django.conf
import time:       388 |        388 |       django.core.checks.messages
import time:       302 |        302 |         django.utils.inspect
import time:       386 |        687 |       django.core.checks.registry
import time:       302 |        302 |       django.core.checks.async_checks
import time:       410 |        410 |               django.dispatch.dispatcher
import time:       197 |        607 |             django.dispatch
import time:       226 |        832 |           django.core.signals
import time:       209 |        209 |             django.core.cache.backends
import time:       363 |        572 |           django.core.cache.backends.base
import time:       253 |        253 |           django.utils.connection
import time:       461 |       2117 |         django.core.cache
import time:       326 |        326 |             _compat_pickle
import time:       757 |        757 |             _pickle
import time:      1729 |       2811 |           pickle
import time:      1342 |       1342 |               _bisect
import time:       321 |       1663 |             bisect
import time:       799 |        799 |             _random
import time:       744 |       3205 |           random
import time:       738 |        738 |               zlib
import time:       305 |        305 |                 _compression
import time:       729 |        729 |                 _bz2
import time:       399 |       1431 |               bz2
import time:      1571 |       1571 |                 _lzma
import time:       439 |       2009 |               lzma
import time:      1540 |       5718 |             shutil
import time:       618 |       6335 |           tempfile
import time:       262 |        262 |               django.core.files.utils
import time:       426 |        688 |             django.core.files.base
import time:      6612 |       7300 |           django.core.files
import time:       224 |        224 |           django.core.files.locks
import time:       250 |        250 |           django.core.files.move
import time:      1142 |       1142 |               _hashlib
import time:       942 |        942 |               _blake2
import time:       354 |       2437 |             hashlib
import time:       396 |        396 |             hmac
import time:       212 |        212 |             secrets
import time:      1171 |       1171 |                   numbers
import time:      1450 |       2621 |                 _decimal
import time:       224 |       2844 |               decimal
import time:       318 |        318 |                 urllib
import time:      1185 |       1185 |                 ipaddress
import time:      1399 |       2901 |               urllib.parse
import time:       433 |       6178 |             django.utils.encoding
import time:       464 |       9685 |           django.utils.crypto
import time:       344 |      30151 |         django.core.cache.backends.filebased
import time:       283 |      32550 |       django.core.checks.caches
import time:       478 |        478 |         django.core.checks.compatibility
import time:       617 |       1095 |       django.core.checks.compatibility.django_4_0
import time:       674 |        674 |           django.db.utils
import time:       750 |       1424 |         django.db
import time:       465 |       1888 |       django.core.checks.database
import time:       278 |        278 |       django.core.checks.files
import time:       355 |        355 |       django.core.checks.model_checks
import time:       185 |        185 |         django.core.checks.security
import time:       518 |        703 |       django.core.checks.security.base
import time:       271 |        271 |       django.core.checks.security.csrf
import time:       288 |        288 |       django.core.checks.security.sessions
import time:       383 |        383 |                   django.template.context
import time:       769 |        769 |                     unicodedata
import time:       989 |        989 |                       calendar
import time:       225 |        225 |                         email
import time:       277 |        277 |                         email._parseaddr
import time:       615 |       1115 |                       email.utils
import time:       717 |        717 |                             termios
import time:        42 |         42 |                             pywatchman
import time:       398 |       1157 |                           django.utils.autoreload
import time:       242 |       1398 |                         django.utils.translation
import time:       333 |       1731 |                       django.utils.dates
import time:       410 |        410 |                             sysconfig
import time:       537 |        537 |                             _sysconfigdata__darwin_darwin
import time:       312 |        312 |                             _osx_support
import time:       953 |       2210 |                           zoneinfo._tzpath
import time:       212 |        212 |                           zoneinfo._common
import time:       777 |        777 |                           _zoneinfo
import time:       220 |       3418 |                         zoneinfo
import time:       189 |       3606 |                       django.utils.timezone
import time:       386 |       7826 |                     django.utils.dateformat
import time:       290 |        290 |                       django.utils.safestring
import time:       238 |        528 |                     django.utils.numberformat
import time:       220 |       9341 |                   django.utils.formats
import time:       844 |        844 |                       html.entities
import time:       467 |       1311 |                     html
import time:       811 |        811 |                           _json
import time:       479 |       1290 |                         json.scanner
import time:       361 |       1651 |                       json.decoder
import time:       244 |        244 |                       json.encoder
import time:       276 |       2170 |                     json
import time:       347 |        347 |                       _markupbase
import time:       785 |       1131 |                     html.parser
import time:       352 |        352 |                       django.utils.datastructures
import time:       350 |        701 |                     django.utils.http
import time:       362 |        362 |                       gzip
import time:       394 |        755 |                     django.utils.text
import time:       915 |       6981 |                   django.utils.html
import time:       228 |        228 |                   django.template.exceptions
import time:       792 |      17723 |                 django.template.base
import time:       337 |        337 |                 django.template.library
import time:       260 |      18319 |               django.template.engine
import time:       272 |        272 |               django.template.utils
import time:       112 |        112 |                   django.template.backends
import time:       198 |        198 |                     django.utils._os
import time:       185 |        382 |                   django.template.backends.base
import time:       272 |        766 |                 django.template.backends.django
import time:       200 |        965 |               django.template.autoreload
import time:       195 |      19749 |             django.template
import time:         8 |      19757 |           django.template.backends
import time:        14 |      19770 |         django.template.backends.django
import time:       323 |      20093 |       django.core.checks.templates
import time:       250 |        250 |           django.conf.locale
import time:       361 |        610 |         django.utils.translation.trans_real
import time:       470 |       1080 |       django.core.checks.translation
import time:       191 |        191 |       django.core.checks.urls
import time:       497 |      60659 |     django.core.checks
import time:      1263 |       1263 |       django.utils.termcolors
import time:        45 |         45 |       colorama
import time:       231 |       1539 |     django.core.management.color
import time:       940 |      63136 |   django.core.management.base
import time:       463 |     190957 | django.core.management
import time:       825 |        825 |     dotenv.parser
import time:       250 |        250 |     dotenv.variables
import time:       474 |       1548 |   dotenv.main
import time:       229 |       1777 | dotenv
import time:       236 |        236 |       __future__
import time:       573 |        573 |       pymongo._csot
import time:       303 |        303 |       pymongo._version
import time:       219 |        219 |         pymongo.asynchronous
import time:      1014 |       1014 |               _uuid
import time:       526 |       1540 |             uuid
import time:       677 |        677 |             bson.binary
import time:       369 |        369 |             bson.code
import time:       394 |        394 |               bson.typings
import time:      1795 |       2189 |             bson.codec_options
import time:       301 |        301 |               bson.errors
import time:       262 |        262 |               bson.tz_util
import time:       510 |       1072 |             bson.datetime_ms
import time:       189 |        189 |               bson._helpers
import time:       303 |        303 |               bson.son
import time:       281 |        772 |             bson.dbref
import time:       322 |        322 |             bson.decimal128
import time:       181 |        181 |             bson.int64
import time:       162 |        162 |             bson.max_key
import time:       493 |        493 |             bson.min_key
import time:       446 |        446 |             bson.objectid
import time:       260 |        260 |             bson.regex
import time:       199 |        199 |             bson.timestamp
import time:      1512 |       1512 |             bson._cbson
import time:       849 |      11036 |           bson
import time:        13 |      11048 |         bson.codec_options
import time:       420 |        420 |           bson.raw_bson
import time:       395 |        395 |               pymongo.server_type
import time:       337 |        337 |               pymongo.typings
import time:       350 |       1081 |             pymongo.hello
import time:       485 |        485 |               pymongo.errors
import time:       314 |        799 |             pymongo.helpers_shared
import time:       207 |       2085 |           pymongo.compression_support
import time:       287 |        287 |           pymongo.driver_info
import time:       952 |        952 |           pymongo.monitoring
import time:       287 |        287 |           pymongo.read_concern
import time:       126 |        126 |             pymongo.max_staleness_selectors
import time:       171 |        171 |             pymongo.server_selectors
import time:       888 |       1184 |           pymongo.read_preferences
import time:       131 |        131 |           pymongo.server_api
import time:       132 |        132 |           pymongo.write_concern
import time:       580 |       6054 |         pymongo.common
import time:       218 |        218 |           pymongo._asyncio_task
import time:       740 |        740 |             pymongo._asyncio_lock
import time:       180 |        919 |           pymongo.lock
import time:       284 |       1420 |         pymongo.periodic_executor
import time:       207 |        207 |             pymongo.asynchronous.helpers
import time:       229 |        229 |             pymongo.collation
import time:       171 |        171 |             pymongo.cursor_shared
import time:      1118 |       1118 |               pymongo._cmessage
import time:      2628 |       3746 |             pymongo.message
import time:       164 |        164 |             pymongo.response
import time:       465 |       4980 |           pymongo.asynchronous.cursor
import time:       599 |        599 |           pymongo.operations
import time:       530 |       6107 |         pymongo.asynchronous.client_session
import time:       284 |        284 |           pymongo.asynchronous.aggregation
import time:       340 |        340 |             pymongo.asynchronous.command_cursor
import time:       368 |        708 |           pymongo.asynchronous.change_stream
import time:       367 |        367 |               pymongo.bulk_shared
import time:       437 |        437 |                 bson.json_util
import time:       553 |        990 |               pymongo.logger
import time:       222 |       1578 |             pymongo.asynchronous.bulk
import time:       372 |        372 |             pymongo.results
import time:       672 |       2622 |           pymongo.asynchronous.collection
import time:       113 |        113 |           pymongo.database_shared
import time:       530 |       4254 |         pymongo.asynchronous.database
import time:       249 |        249 |           pymongo.asynchronous.srv_resolver
import time:        43 |         43 |                   _wmi
import time:       579 |        622 |                 platform
import time:       232 |        232 |                       xml
import time:       400 |        631 |                     xml.parsers
import time:       892 |        892 |                     pyexpat
import time:       243 |       1765 |                   xml.parsers.expat
import time:       681 |       2446 |                 plistlib
import time:       382 |        382 |                   stringprep
import time:       523 |        904 |                 encodings.idna
import time:       474 |       4444 |               pymongo.pool_options
import time:       311 |        311 |                       cryptography.utils
import time:       204 |        204 |                       cryptography.__about__
import time:       293 |        807 |                     cryptography
import time:       204 |        204 |                           cryptography.hazmat
import time:       218 |        421 |                         cryptography.hazmat.bindings
import time:      1144 |       1144 |                         _cffi_backend
import time:      2941 |       4506 |                       cryptography.hazmat.bindings._rust
import time:       438 |       4943 |                     cryptography.x509.certificate_transparency
import time:       197 |        197 |                               cryptography.hazmat.primitives
import time:       393 |        393 |                               cryptography.hazmat.primitives.hashes
import time:       485 |       1075 |                             cryptography.hazmat._oid
import time:       215 |       1289 |                           cryptography.x509.oid
import time:      4496 |       5785 |                         cryptography.x509.name
import time:       352 |       6136 |                       cryptography.x509.general_name
import time:       253 |       6389 |                     cryptography.x509.verification
import time:       190 |        190 |                       cryptography.hazmat.primitives.asymmetric
import time:       373 |        373 |                         cryptography.hazmat.primitives._serialization
import time:       247 |        247 |                         cryptography.hazmat.primitives.asymmetric.utils
import time:       334 |        953 |                       cryptography.hazmat.primitives.asymmetric.dsa
import time:       269 |        269 |                         cryptography.exceptions
import time:       466 |        735 |                       cryptography.hazmat.primitives.asymmetric.ec
import time:       333 |        333 |                       cryptography.hazmat.primitives.asymmetric.ed448
import time:       155 |        155 |                       cryptography.hazmat.primitives.asymmetric.ed25519
import time:       180 |        180 |                         cryptography.hazmat.primitives._asymmetric
import time:       226 |        226 |                         cryptography.hazmat.primitives.asymmetric.rsa
import time:       173 |        577 |                       cryptography.hazmat.primitives.asymmetric.padding
import time:       130 |        130 |                       cryptography.hazmat.primitives.asymmetric.x448
import time:       122 |        122 |                       cryptography.hazmat.primitives.asymmetric.x25519
import time:       212 |        212 |                         cryptography.hazmat.primitives.asymmetric.dh
import time:       254 |        465 |                       cryptography.hazmat.primitives.asymmetric.types
import time:       261 |        261 |                         cryptography.hazmat.primitives.constant_time
import time:       233 |        233 |                           cryptography.hazmat.primitives.serialization.base
import time:       729 |        729 |                             dataclasses
import time:       120 |        120 |                               cryptography.hazmat.primitives._cipheralgorithm
import time:       101 |        101 |                                         cryptography.hazmat.decrepit
import time:       128 |        228 |                                       cryptography.hazmat.decrepit.ciphers
import time:       309 |        536 |                                     cryptography.hazmat.decrepit.ciphers.algorithms
import time:       235 |        771 |                                   cryptography.hazmat.primitives.ciphers.algorithms
import time:       310 |       1080 |                                 cryptography.hazmat.primitives.ciphers.modes
import time:       272 |       1351 |                               cryptography.hazmat.primitives.ciphers.base
import time:       160 |       1630 |                             cryptography.hazmat.primitives.ciphers
import time:        56 |         56 |                             bcrypt
import time:      1800 |       4213 |                           cryptography.hazmat.primitives.serialization.ssh
import time:       248 |       4692 |                         cryptography.hazmat.primitives.serialization
import time:      1067 |       6019 |                       cryptography.x509.extensions
import time:       559 |      10233 |                     cryptography.x509.base
import time:       298 |      22668 |                   cryptography.x509
import time:       114 |        114 |                             pyasn1
import time:       140 |        254 |                           pyasn1.codec
import time:       132 |        386 |                         pyasn1.codec.der
import time:        90 |         90 |                         pyasn1.codec.cer
import time:       195 |        195 |                           pyasn1.error
import time:       208 |        208 |                             pyasn1.type
import time:        94 |         94 |                               pyasn1.codec.ber
import time:        99 |         99 |                                     pyasn1.type.error
import time:       341 |        440 |                                   pyasn1.type.constraint
import time:       251 |        251 |                                   pyasn1.type.tag
import time:        99 |         99 |                                   pyasn1.type.tagmap
import time:       406 |       1194 |                                 pyasn1.type.base
import time:       147 |       1341 |                               pyasn1.codec.ber.eoo
import time:       105 |        105 |                               pyasn1.compat
import time:       127 |        127 |                               pyasn1.compat.integer
import time:       285 |        285 |                               pyasn1.type.namedtype
import time:       123 |        123 |                               pyasn1.type.namedval
import time:       979 |       3050 |                             pyasn1.type.univ
import time:       254 |       3511 |                           pyasn1.codec.streaming
import time:       185 |        185 |                             pyasn1.debug
import time:       322 |        322 |                             pyasn1.type.char
import time:       185 |        185 |                             pyasn1.type.useful
import time:       808 |       1498 |                           pyasn1.codec.ber.decoder
import time:       325 |       5528 |                         pyasn1.codec.cer.decoder
import time:       301 |       6304 |                       pyasn1.codec.der.decoder
import time:       139 |        139 |                             attr._compat
import time:       228 |        228 |                               attr._config
import time:       236 |        236 |                                 attr.exceptions
import time:       760 |        996 |                               attr.setters
import time:      1924 |       3147 |                             attr._make
import time:       231 |       3516 |                           attr.converters
import time:       161 |        161 |                           attr.filters
import time:      2161 |       2161 |                           attr.validators
import time:       149 |        149 |                           attr._cmp
import time:       234 |        234 |                           attr._funcs
import time:       227 |        227 |                           attr._next_gen
import time:       443 |        443 |                           attr._version_info
import time:       344 |       7232 |                         attr
import time:       613 |       7844 |                       service_identity.exceptions
import time:       514 |        514 |                             idna.idnadata
import time:       274 |        274 |                             idna.intranges
import time:       580 |       1367 |                           idna.core
import time:       157 |        157 |                           idna.package_data
import time:       210 |       1733 |                         idna
import time:      1941 |       3673 |                       service_identity.hazmat
import time:       195 |      18015 |                     service_identity.cryptography
import time:       111 |        111 |                                 cryptography.hazmat.bindings.openssl
import time:       194 |        194 |                                 cryptography.hazmat.bindings.openssl._conditional
import time:       892 |       1195 |                               cryptography.hazmat.bindings.openssl.binding
import time:       283 |       1478 |                             OpenSSL._util
import time:       762 |        762 |                             OpenSSL.crypto
import time:      1099 |       3338 |                           OpenSSL.SSL
import time:       109 |        109 |                           OpenSSL.version
import time:       805 |       4251 |                         OpenSSL
import time:        10 |       4260 |                       OpenSSL.crypto
import time:       236 |       4496 |                     service_identity.pyopenssl
import time:       203 |      22713 |                   service_identity
import time:       270 |        270 |                   pymongo.ocsp_cache
import time:       179 |        179 |                     cryptography.hazmat.backends
import time:       397 |        397 |                     cryptography.x509.ocsp
import time:       421 |        421 |                           email.errors
import time:       689 |        689 |                             http
import time:       230 |        230 |                                     email.quoprimime
import time:       160 |        160 |                                     email.base64mime
import time:       223 |        223 |                                         quopri
import time:       182 |        404 |                                       email.encoders
import time:       236 |        640 |                                     email.charset
import time:       472 |       1501 |                                   email.header
import time:       343 |       1843 |                                 email._policybase
import time:       454 |       2297 |                               email.feedparser
import time:       228 |       2524 |                             email.parser
import time:       248 |        248 |                               email._encoded_words
import time:       189 |        189 |                               email.iterators
import time:       482 |        918 |                             email.message
import time:       982 |       5111 |                           http.client
import time:       792 |       6323 |                         urllib3.exceptions
import time:       334 |        334 |                                 urllib3.util.timeout
import time:      2008 |       2341 |                               urllib3.util.connection
import time:       181 |        181 |                                 urllib3.util.util
import time:        40 |         40 |                                 brotlicffi
import time:        31 |         31 |                                 brotli
import time:        30 |         30 |                                 compression
import time:      1031 |       1031 |                                   zstandard.backend_c
import time:       161 |       1192 |                                 zstandard
import time:       464 |       1935 |                               urllib3.util.request
import time:       234 |        234 |                               urllib3.util.response
import time:       398 |        398 |                               urllib3.util.retry
import time:      3152 |       3152 |                                 urllib3.util.url
import time:       817 |        817 |                                 urllib3.util.ssltransport
import time:       369 |       4337 |                               urllib3.util.ssl_
import time:       256 |        256 |                               urllib3.util.wait
import time:       514 |      10012 |                             urllib3.util
import time:        14 |      10025 |                           urllib3.util.connection
import time:       446 |      10470 |                         urllib3._base_connection
import time:       500 |        500 |                         urllib3._collections
import time:       196 |        196 |                         urllib3._version
import time:        37 |         37 |                                   _winapi
import time:        32 |         32 |                                   winreg
import time:       318 |        386 |                                 mimetypes
import time:       222 |        607 |                               urllib3.fields
import time:       262 |        868 |                             urllib3.filepost
import time:        42 |         42 |                               brotlicffi
import time:        32 |         32 |                               brotli
import time:       228 |        228 |                                         zipfile._path.glob
import time:       577 |        805 |                                       zipfile._path
import time:       644 |       1448 |                                     zipfile
import time:       318 |        318 |                                     importlib.metadata._meta
import time:       293 |        293 |                                     importlib.metadata._collections
import time:       739 |        739 |                                     importlib.metadata._functools
import time:        89 |         89 |                                     importlib.metadata._itertools
import time:       321 |        321 |                                           importlib.resources.abc
import time:       338 |        659 |                                         importlib.resources._common
import time:       196 |        196 |                                         importlib.resources._functional
import time:       108 |        963 |                                       importlib.resources
import time:       317 |       1279 |                                     importlib.abc
import time:       706 |       4869 |                                   importlib.metadata
import time:       190 |       5058 |                                 urllib3.http2
import time:       272 |        272 |                                 urllib3.http2.probe
import time:       199 |        199 |                                 urllib3.util.ssl_match_hostname
import time:       555 |       6083 |                               urllib3.connection
import time:        59 |         59 |                               compression
import time:       595 |       6809 |                             urllib3.response
import time:       294 |       7971 |                           urllib3._request_methods
import time:       217 |        217 |                           urllib3.util.proxy
import time:       371 |       8558 |                         urllib3.connectionpool
import time:       668 |        668 |                         urllib3.poolmanager
import time:      1275 |      27988 |                       urllib3
import time:       682 |        682 |                               charset_normalizer.constant
import time:       919 |        919 |                                 charset_normalizer.md__mypyc
import time:       847 |        847 |                                   _multibytecodec
import time:       503 |       1349 |                                 charset_normalizer.utils
import time:      1057 |       3324 |                               charset_normalizer.md
import time:       357 |        357 |                               charset_normalizer.models
import time:       263 |       4624 |                             charset_normalizer.cd
import time:       337 |       4961 |                           charset_normalizer.api
import time:       225 |        225 |                           charset_normalizer.legacy
import time:       182 |        182 |                           charset_normalizer.version
import time:        41 |         41 |                           simplejson
import time:       231 |        231 |                                 urllib.response
import time:       253 |        484 |                               urllib.error
import time:       912 |        912 |                               _scproxy
import time:       938 |       2334 |                             urllib.request
import time:      1757 |       4091 |                           http.cookiejar
import time:       820 |        820 |                           http.cookies
import time:       488 |      10804 |                         requests.compat
import time:       458 |      11261 |                       requests.exceptions
import time:        61 |         61 |                       chardet
import time:       362 |        362 |                       requests.packages
import time:       247 |        247 |                             certifi.core
import time:       251 |        497 |                           certifi
import time:       172 |        669 |                         requests.certs
import time:       595 |        595 |                         requests.__version__
import time:       734 |        734 |                         requests._internal_utils
import time:       334 |        334 |                         requests.cookies
import time:       239 |        239 |                         requests.structures
import time:       282 |        282 |                         importlib.resources._adapters
import time:       174 |        174 |                             importlib.resources._itertools
import time:       181 |        355 |                           importlib.resources.readers
import time:       129 |        484 |                         importlib.readers
import time:       541 |       3876 |                       requests.utils
import time:       294 |        294 |                             requests.auth
import time:       162 |        162 |                               requests.hooks
import time:       301 |        301 |                               requests.status_codes
import time:       396 |        858 |                             requests.models
import time:       205 |        205 |                               urllib3.contrib
import time:        40 |         40 |                               socks
import time:       318 |        561 |                             urllib3.contrib.socks
import time:     15087 |      16800 |                           requests.adapters
import time:       306 |      17105 |                         requests.sessions
import time:       236 |      17341 |                       requests.api
import time:       306 |      61193 |                     requests
import time:       355 |      62124 |                   pymongo.ocsp_support
import time:       435 |        435 |                   pymongo.socket_checker
import time:       268 |     108475 |                 pymongo.pyopenssl_context
import time:       220 |        220 |                 pymongo.ssl_context
import time:       178 |     108873 |               pymongo.ssl_support
import time:       326 |     113642 |             pymongo.client_options
import time:       944 |     114586 |           pymongo.uri_parser_shared
import time:       216 |     115050 |         pymongo.asynchronous.uri_parser
import time:       318 |        318 |           pymongo._client_bulk_shared
import time:       378 |        695 |         pymongo.asynchronous.client_bulk
import time:       272 |        272 |             pymongo.server_description
import time:       508 |        779 |           pymongo.asynchronous.monitor
import time:       345 |        345 |               pymongo.network_layer
import time:       262 |        607 |             pymongo.asynchronous.network
import time:       236 |        236 |             pymongo.pool_shared
import time:       509 |       1352 |           pymongo.asynchronous.pool
import time:       445 |        445 |           pymongo.topology_description
import time:       271 |       2846 |         pymongo.asynchronous.settings
import time:       239 |        239 |           pymongo.asynchronous.server
import time:       441 |        680 |         pymongo.asynchronous.topology
import time:      1539 |     149906 |       pymongo.asynchronous.mongo_client
import time:       205 |        205 |           pymongo.synchronous
import time:       164 |        164 |           pymongo.synchronous.helpers
import time:       938 |       1306 |         pymongo.synchronous.cursor
import time:       202 |       1508 |       pymongo.cursor
import time:       304 |        304 |         pymongo.synchronous.aggregation
import time:       433 |        433 |           pymongo.synchronous.client_session
import time:       292 |        724 |         pymongo.synchronous.bulk
import time:       325 |        325 |           pymongo.synchronous.command_cursor
import time:       365 |        690 |         pymongo.synchronous.change_stream
import time:       741 |       2457 |       pymongo.synchronous.collection
import time:       392 |        392 |         pymongo.synchronous.database
import time:       224 |        224 |           pymongo.synchronous.srv_resolver
import time:       195 |        418 |         pymongo.synchronous.uri_parser
import time:       500 |        500 |         pymongo.synchronous.client_bulk
import time:       446 |        446 |           pymongo.synchronous.monitor
import time:       195 |        195 |             pymongo.synchronous.network
import time:       465 |        659 |           pymongo.synchronous.pool
import time:       222 |       1326 |         pymongo.synchronous.settings
import time:       233 |        233 |           pymongo.synchronous.server
import time:       372 |        604 |         pymongo.synchronous.topology
import time:       658 |       3896 |       pymongo.synchronous.mongo_client
import time:       213 |        213 |       pymongo.uri_parser
import time:       202 |        202 |       pymongo.change_stream
import time:       862 |        862 |       pymongo.client_session
import time:       306 |        306 |       pymongo.collection
import time:       197 |        197 |       pymongo.command_cursor
import time:       952 |        952 |       pymongo.database
import time:       348 |     161954 |     pymongo
import time:       212 |        212 |     mongoengine.pymongo_support
import time:       310 |     162475 |   mongoengine.connection
import time:       103 |        103 |           blinker._utilities
import time:       365 |        467 |         blinker.base
import time:      1232 |       1699 |       blinker
import time:       222 |       1920 |     mongoengine.signals
import time:       291 |        291 |         mongoengine.errors
import time:       143 |        434 |       mongoengine.base.common
import time:        82 |         82 |         mongoengine.common
import time:       305 |        387 |       mongoengine.base.datastructures
import time:       439 |        439 |         mongoengine.base.fields
import time:       426 |        865 |       mongoengine.base.document
import time:       227 |        227 |           mongoengine.queryset.field_list
import time:       314 |        314 |                 mongoengine.context_managers
import time:       222 |        222 |                 mongoengine.queryset.transform
import time:       358 |        358 |                 mongoengine.queryset.visitor
import time:      1038 |       1932 |               mongoengine.queryset.base
import time:       209 |       2140 |             mongoengine.queryset.queryset
import time:        98 |       2237 |           mongoengine.queryset.manager
import time:       194 |       2657 |         mongoengine.queryset
import time:       332 |       2989 |       mongoengine.base.metaclasses
import time:       114 |       4786 |     mongoengine.base
import time:       408 |       7114 |   mongoengine.document
import time:       132 |        132 |             gridfs.errors
import time:       208 |        208 |             gridfs.grid_file_shared
import time:       687 |       1026 |           gridfs.asynchronous.grid_file
import time:       153 |       1179 |         gridfs.asynchronous
import time:        12 |       1190 |       gridfs.asynchronous.grid_file
import time:       540 |        540 |           gridfs.synchronous.grid_file
import time:       111 |        651 |         gridfs.synchronous
import time:        12 |        662 |       gridfs.synchronous.grid_file
import time:       142 |       1993 |     gridfs
import time:       132 |        132 |       dateutil._version
import time:       246 |        377 |     dateutil
import time:       571 |        571 |         six
import time:       176 |        176 |         dateutil._common
import time:        21 |         21 |           six.moves
import time:       312 |        312 |           dateutil.tz._common
import time:       136 |        136 |           dateutil.tz._factories
import time:        11 |         11 |             six.moves.winreg
import time:       242 |        252 |           dateutil.tz.win
import time:       707 |       1425 |         dateutil.tz.tz
import time:      1028 |       3199 |       dateutil.parser._parser
import time:       319 |        319 |       dateutil.parser.isoparser
import time:       151 |       3667 |     dateutil.parser
import time:       179 |        179 |     mongoengine.base.utils
import time:       702 |        702 |       PIL._version
import time:       245 |        947 |     PIL
import time:      1824 |       1824 |       PIL.ExifTags
import time:       112 |        112 |         PIL._deprecate
import time:       323 |        434 |       PIL.ImageMode
import time:       524 |        524 |       PIL.TiffTags
import time:       213 |        213 |       PIL._binary
import time:       235 |        235 |         PIL._typing
import time:       184 |        418 |       PIL._util
import time:       285 |        285 |         defusedxml.common
import time:       132 |        416 |       defusedxml
import time:       155 |        155 |           xml.etree
import time:       411 |        411 |           xml.etree.ElementPath
import time:      1008 |       1008 |           _elementtree
import time:       612 |       2184 |         xml.etree.ElementTree
import time:         2 |          2 |         _elementtree
import time:      1943 |       4129 |       defusedxml.ElementTree
import time:      2774 |       2774 |       PIL._imaging
import time:      1264 |      11992 |     PIL.Image
import time:       246 |        246 |         PIL.GimpGradientFile
import time:       232 |        232 |         PIL.GimpPaletteFile
import time:       218 |        218 |         PIL.ImageColor
import time:       186 |        186 |         PIL.PaletteFile
import time:       309 |       1190 |       PIL.ImagePalette
import time:       401 |       1590 |     PIL.ImageOps
import time:       925 |      21668 |   mongoengine.fields
import time:       276 |     191532 | mongoengine
import time:       563 |        563 |             redis.exceptions
import time:       391 |        391 |             redis.typing
import time:       232 |        232 |             redis._parsers.encoders
import time:        40 |         40 |                 hiredis
import time:       301 |        340 |               redis.utils
import time:       237 |        576 |             redis._parsers.socket
import time:       423 |       2184 |           redis._parsers.base
import time:       328 |        328 |           redis._parsers.commands
import time:       347 |        347 |           redis._parsers.hiredis
import time:       235 |        235 |           redis._parsers.resp2
import time:       258 |        258 |           redis._parsers.resp3
import time:       127 |       3476 |         redis._parsers
import time:       393 |       3869 |       redis._parsers.helpers
import time:       230 |        230 |           redis.auth
import time:       211 |        211 |           redis.auth.err
import time:       281 |        721 |         redis.auth.token
import time:       162 |        162 |           redis.credentials
import time:       453 |        614 |         redis.event
import time:       404 |        404 |         redis.asyncio.retry
import time:       323 |        323 |         redis.backoff
import time:       882 |        882 |           redis.cache
import time:       156 |        156 |           redis.retry
import time:       205 |        205 |             importlib.metadata._text
import time:       269 |        473 |           importlib.metadata._adapters
import time:      1714 |       3225 |         redis.connection
import time:      1087 |       6372 |       redis.asyncio.connection
import time:       365 |        365 |       redis.asyncio.lock
import time:       174 |        174 |             redis.crc
import time:       157 |        157 |               redis.commands.helpers
import time:      3425 |       3581 |             redis.commands.core
import time:       369 |        369 |             redis.commands.redismodules
import time:       729 |       4852 |           redis.commands.cluster
import time:       164 |        164 |           redis.commands.sentinel
import time:       253 |       5268 |         redis.commands
import time:       303 |        303 |         redis.lock
import time:      1160 |       6731 |       redis.client
import time:      1212 |      18546 |     redis.asyncio.client
import time:      1200 |       1200 |       redis.cluster
import time:      1469 |       2668 |     redis.asyncio.cluster
import time:       334 |        334 |     redis.asyncio.sentinel
import time:       253 |        253 |     redis.asyncio.utils
import time:       192 |      21991 |   redis.asyncio
import time:       425 |        425 |   redis.sentinel
import time:       269 |      22685 | redis
import time:       203 |        203 |     pymongo._azure_helpers
import time:       199 |        199 |     pymongo._gcp_helpers
import time:      1190 |       1592 |   pymongo.auth_oidc_shared
import time:       432 |       2023 | pymongo.auth_shared
import time:       224 |        224 |         django.http.cookie
import time:       280 |        280 |           django.core.signing
import time:       169 |        169 |               django.core.files.temp
import time:       260 |        429 |             django.core.files.uploadedfile
import time:       281 |        709 |           django.core.files.uploadhandler
import time:       307 |        307 |           django.http.multipartparser
import time:       430 |       1724 |         django.http.request
import time:       184 |        184 |                     django.db.models.utils
import time:       245 |        429 |                   django.db.models.signals
import time:   1340408 |    1340408 |                                 django.template.loader
import time:   1352887 |    2693295 |                               django.forms.renderers
import time:   1334742 |    4028037 |                             django.forms.utils
import time:   1277247 |    1277247 |                                 django.templatetags
import time:   1454884 |    2732130 |                               django.templatetags.static
import time:   1438695 |    1438695 |                               django.utils.topological_sort
import time:   1419379 |    5590203 |                             django.forms.widgets
import time:   1421253 |   11039492 |                           django.forms.boundfield
import time:   1391335 |    1391335 |                               django.utils.deconstruct
import time:   1268070 |    1268070 |                               django.utils.ipv6
import time:   1303156 |    3962559 |                             django.core.validators
import time:   1333602 |    1333602 |                             django.utils.dateparse
import time:   1301727 |    1301727 |                             django.utils.duration
import time:   1419120 |    8017006 |                           django.forms.fields
import time:   1530908 |    1530908 |                           django.forms.forms
import time:   1888926 |    1888926 |                           django.forms.formsets
import time:   1508816 |    1508816 |                           django.forms.models
import time:   1369234 |   25354379 |                         django.forms
import time:   1289084 |    1289084 |                         django.db.models.constants
import time:   1362045 |    1362045 |                           django.utils.tree
import time:   1329231 |    2691275 |                         django.db.models.query_utils
import time:   1624699 |   30959435 |                       django.db.models.fields
import time:   1575486 |   32534921 |                     django.db.models.expressions
import time:   1481988 |    1481988 |                             django.db.models.lookups
import time:   1398831 |    1398831 |                             django.db.models.fields.mixins
import time:   1512288 |    4393105 |                           django.db.models.fields.json
import time:   1491677 |    5884782 |                         django.db.models.functions.comparison
import time:   1276180 |    1276180 |                         django.db.models.functions.datetime
import time:   1359843 |    1359843 |                           django.db.models.functions.mixins
import time:   1371205 |    2731048 |                         django.db.models.functions.math
import time:   1266976 |    1266976 |                         django.db.models.functions.text
import time:   1353864 |    1353864 |                         django.db.models.functions.window
import time:   1615959 |   14128807 |                       django.db.models.functions
import time:        81 |   14128888 |                     django.db.models.functions.comparison
import time:       543 |   46664350 |                   django.db.models.aggregates
import time:   1349853 |    1349853 |                         django.db.backends
import time:   1294761 |    2644613 |                       django.db.backends.utils
import time:   1353720 |    1353720 |                           django.db.models.fields.related_lookups
import time:   1377262 |    1377262 |                           django.db.models.sql.constants
import time:   1259942 |    1259942 |                           django.db.models.sql.datastructures
import time:   1472998 |    1472998 |                           django.db.models.sql.where
import time:   1359830 |    6823750 |                         django.db.models.sql.query
import time:   1373097 |    1373097 |                         django.db.models.sql.subqueries
import time:   1354942 |    9551788 |                       django.db.models.sql
import time:   1288041 |   13484441 |                     django.db.models.indexes
import time:   1371166 |   14855607 |                   django.db.models.constraints
import time:   1354038 |    1354038 |                     django.db.transaction
import time:   1448034 |    2802072 |                   django.db.models.deletion
import time:   1388563 |    1388563 |                   django.db.models.enums
import time:   1400003 |    1400003 |                     django.core.files.images
import time:   1291580 |    1291580 |                       django.core.files.storage.base
import time:   1264657 |    1264657 |                         django.core.files.storage.mixins
import time:   1317458 |    2582114 |                       django.core.files.storage.filesystem
import time:   1242954 |    1242954 |                       django.core.files.storage.handler
import time:   1500539 |    1500539 |                       django.core.files.storage.memory
import time:   1278571 |    7895756 |                     django.core.files.storage
import time:   1325229 |   10620987 |                   django.db.models.fields.files
import time:   1632356 |    1632356 |                   django.db.models.fields.proxy
import time:   1414986 |    1414986 |                     django.db.models.query
import time:   1293247 |    2708232 |                   django.db.models.manager
import time:   1396726 |    1396726 |                       django.db.models.fields.related_descriptors
import time:   3267142 |    3267142 |                       django.db.models.fields.reverse_related
import time:   1308719 |    5972585 |                     django.db.models.fields.related
